<?xml version="1.0" encoding="UTF-8"?>
<!-- Generated by org.testng.reporters.JUnitReportReporter -->
<testsuite hostname="IN-CV7XSL3" failures="0" tests="2" name="test.LoginTest" time="70.982" errors="0" timestamp="2023-12-23T21:19:48 IST" skipped="1">
  <testcase classname="test.LoginTest" name="log" time="70.982"/>
  <system-out/>
  <testcase classname="test.LoginTest" name="loginTest">
    <skipped/>
  </testcase> <!-- loginTest -->
  <system-out/>
</testsuite> <!-- test.LoginTest -->
